Started GET "/" for ::1 at 2016-09-19 19:05:45 -0300
Processing by Rails::WelcomeController#index as HTML
  Parameters: {"internal"=>true}
  Rendering /home/marco/.gem/ruby/2.3.0/gems/railties-5.0.0.1/lib/rails/templates/rails/welcome/index.html.erb
  Rendered /home/marco/.gem/ruby/2.3.0/gems/railties-5.0.0.1/lib/rails/templates/rails/welcome/index.html.erb (10.8ms)
Completed 200 OK in 104ms (Views: 45.4ms | ActiveRecord: 0.0ms)


Started GET "/" for ::1 at 2016-09-19 19:09:51 -0300
Processing by HomeController#index as HTML
  Rendering home/index.html.erb within layouts/application
  Rendered home/index.html.erb within layouts/application (0.6ms)
Completed 200 OK in 1880ms (Views: 1877.5ms | ActiveRecord: 0.0ms)


Started GET "/" for ::1 at 2016-09-19 19:13:51 -0300
Processing by HomeController#index as HTML
  Rendering home/index.html.erb within layouts/application
  Rendered home/index.html.erb within layouts/application (1.1ms)
Completed 200 OK in 62ms (Views: 60.4ms | ActiveRecord: 0.0ms)


Started GET "/" for ::1 at 2016-09-19 19:14:17 -0300
Processing by HomeController#index as HTML
  Rendering home/index.html.erb within layouts/application
  Rendered home/index.html.erb within layouts/application (1.8ms)
Completed 200 OK in 86ms (Views: 83.2ms | ActiveRecord: 0.0ms)


